TN:
SF:src/presentation/controllers/signUp/login/login.ts
FN:8,handle
FNF:1
FNH:1
FNDA:2,handle
DA:1,1
DA:2,1
DA:3,1
DA:4,1
DA:5,1
DA:6,1
DA:7,1
DA:8,1
DA:9,2
DA:10,1
DA:11,1
DA:12,1
DA:13,1
DA:14,1
DA:15,1
DA:16,2
DA:17,1
DA:18,1
LF:18
LH:18
BRDA:8,0,0,2
BRDA:9,1,0,1
BRDA:10,2,0,1
BRDA:14,3,0,1
BRF:4
BRH:4
end_of_record
TN:
SF:src/presentation/error/index.ts
FNF:0
FNH:0
DA:1,1
DA:2,1
DA:3,1
LF:3
LH:3
BRF:0
BRH:0
end_of_record
TN:
SF:src/presentation/helpers/httpHelper.ts
FN:4,badRequest
FN:9,serverError
FN:14,ok
FNF:3
FNH:1
FNDA:4,badRequest
FNDA:0,serverError
FNDA:0,ok
DA:1,1
DA:2,1
DA:3,1
DA:4,1
DA:5,4
DA:6,4
DA:7,4
DA:8,1
DA:9,1
DA:10,0
DA:11,0
DA:12,0
DA:13,1
DA:14,1
DA:15,0
DA:16,0
DA:17,0
LF:17
LH:11
BRDA:4,0,0,4
BRF:1
BRH:1
end_of_record
