TN:
SF:src/main/config/app.ts
FNF:0
FNH:0
DA:1,1
DA:2,1
DA:3,1
DA:4,1
DA:5,1
DA:6,1
DA:7,1
LF:7
LH:7
BRF:0
BRH:0
end_of_record
TN:
SF:src/main/config/middlewares.ts
FN:6,Object.<anonymous>.exports.default
FNF:1
FNH:1
FNDA:3,Object.<anonymous>.exports.default
DA:1,1
DA:2,1
DA:3,1
DA:4,1
DA:5,1
DA:6,1
DA:7,3
DA:8,3
DA:9,3
DA:10,3
LF:10
LH:10
BRDA:6,0,0,3
BRF:1
BRH:1
end_of_record
TN:
SF:src/main/middleware/contentType.ts
FN:4,contentType
FNF:1
FNH:1
FNDA:4,contentType
DA:1,1
DA:2,1
DA:3,1
DA:4,1
DA:5,4
DA:6,4
DA:7,4
DA:8,4
LF:8
LH:8
BRDA:4,0,0,4
BRF:1
BRH:1
end_of_record
